<?xml version="1.0" encoding="UTF-8"?>
<!-- Generated by org.testng.reporters.JUnitReportReporter -->
<testsuite skipped="0" hostname="LAPTOP-N0G0NBDP" name="com.TestNGScripts.MouseOverDemo" tests="1" failures="0" timestamp="29 Aug 2020 00:46:53 GMT" time="10.441" errors="0">
  <testcase name="dragandDropmethod" time="10.441" classname="com.TestNGScripts.MouseOverDemo"/>
</testsuite> <!-- com.TestNGScripts.MouseOverDemo -->
