<?xml version="1.0" encoding="UTF-8"?>
<!-- Generated by org.testng.reporters.JUnitReportReporter -->
<testsuite skipped="0" hostname="LAPTOP-N0G0NBDP" name="com.TestNGScripts.WikiTestCase" tests="2" failures="0" timestamp="22 Aug 2020 00:56:30 GMT" time="7.325" errors="0">
  <testcase name="createAccount" time="3.779" classname="com.TestNGScripts.WikiTestCase"/>
  <testcase name="MainPage" time="3.546" classname="com.TestNGScripts.WikiTestCase"/>
</testsuite> <!-- com.TestNGScripts.WikiTestCase -->
