<?xml version="1.0" encoding="UTF-8"?>
<!-- Generated by org.testng.reporters.JUnitReportReporter -->
<testsuite skipped="0" hostname="LAPTOP-N0G0NBDP" name="com.TestNGScripts.ParametrizationwithXML" tests="2" failures="0" timestamp="25 Aug 2020 00:49:21 GMT" time="11.997" errors="0">
  <testcase name="createAccount" time="6.133" classname="com.TestNGScripts.ParametrizationwithXML"/>
  <testcase name="createAccount" time="5.864" classname="com.TestNGScripts.ParametrizationwithXML"/>
</testsuite> <!-- com.TestNGScripts.ParametrizationwithXML -->
