<?xml version="1.0" encoding="UTF-8"?>
<!-- Generated by org.testng.reporters.JUnitReportReporter -->
<testsuite skipped="0" hostname="LAPTOP-N0G0NBDP" name="com.TestNGScripts.ParameterizationwithExcel" tests="12" failures="0" timestamp="26 Aug 2020 00:59:03 GMT" time="21.983" errors="0">
  <testcase name="wikipagedata" time="1.954" classname="com.TestNGScripts.ParameterizationwithExcel"/>
  <testcase name="wikipagedata" time="2.000" classname="com.TestNGScripts.ParameterizationwithExcel"/>
  <testcase name="wikipagedata" time="1.725" classname="com.TestNGScripts.ParameterizationwithExcel"/>
  <testcase name="wikipagedata" time="2.418" classname="com.TestNGScripts.ParameterizationwithExcel"/>
  <testcase name="wikipagedata" time="1.429" classname="com.TestNGScripts.ParameterizationwithExcel"/>
  <testcase name="wikipagedata" time="1.351" classname="com.TestNGScripts.ParameterizationwithExcel"/>
  <testcase name="wikipagedata" time="1.820" classname="com.TestNGScripts.ParameterizationwithExcel"/>
  <testcase name="wikipagedata" time="1.956" classname="com.TestNGScripts.ParameterizationwithExcel"/>
  <testcase name="wikipagedata" time="1.835" classname="com.TestNGScripts.ParameterizationwithExcel"/>
  <testcase name="wikipagedata" time="1.978" classname="com.TestNGScripts.ParameterizationwithExcel"/>
  <testcase name="wikipagedata" time="1.573" classname="com.TestNGScripts.ParameterizationwithExcel"/>
  <testcase name="wikipagedata" time="1.944" classname="com.TestNGScripts.ParameterizationwithExcel"/>
</testsuite> <!-- com.TestNGScripts.ParameterizationwithExcel -->
