<?xml version="1.0" encoding="UTF-8"?>
<!-- Generated by org.testng.reporters.JUnitReportReporter -->
<testsuite skipped="0" hostname="LAPTOP-N0G0NBDP" name="com.TestNGScripts.ParameterizationwithPOI" tests="3" failures="0" timestamp="26 Aug 2020 23:26:44 GMT" time="2.254" errors="0">
  <testcase name="wikipagedata" time="0.796" classname="com.TestNGScripts.ParameterizationwithPOI"/>
  <testcase name="wikipagedata" time="0.691" classname="com.TestNGScripts.ParameterizationwithPOI"/>
  <testcase name="wikipagedata" time="0.767" classname="com.TestNGScripts.ParameterizationwithPOI"/>
</testsuite> <!-- com.TestNGScripts.ParameterizationwithPOI -->
