<?xml version="1.0" encoding="UTF-8"?>
<!-- Generated by org.testng.reporters.JUnitReportReporter -->
<testsuite skipped="0" hostname="LAPTOP-N0G0NBDP" name="com.TestNGScripts.DatDrivenTestPOI" tests="3" failures="0" timestamp="26 Aug 2020 23:11:49 GMT" time="2.133" errors="0">
  <testcase name="wikipagedata" time="0.835" classname="com.TestNGScripts.DatDrivenTestPOI"/>
  <testcase name="wikipagedata" time="0.688" classname="com.TestNGScripts.DatDrivenTestPOI"/>
  <testcase name="wikipagedata" time="0.610" classname="com.TestNGScripts.DatDrivenTestPOI"/>
</testsuite> <!-- com.TestNGScripts.DatDrivenTestPOI -->
