<?xml version="1.0" encoding="UTF-8"?>
<!-- Generated by org.testng.reporters.JUnitReportReporter -->
<testsuite skipped="0" hostname="LAPTOP-N0G0NBDP" name="com.TestNGScripts.AnnotationsTestNG" tests="3" failures="0" timestamp="22 Aug 2020 00:56:30 GMT" time="0.009" errors="0">
  <testcase name="createCust" time="0.003" classname="com.TestNGScripts.AnnotationsTestNG"/>
  <testcase name="searchCust" time="0.002" classname="com.TestNGScripts.AnnotationsTestNG"/>
  <testcase name="deleteCust" time="0.004" classname="com.TestNGScripts.AnnotationsTestNG"/>
</testsuite> <!-- com.TestNGScripts.AnnotationsTestNG -->
