<?xml version="1.0" encoding="UTF-8"?>
<!-- Generated by org.testng.reporters.JUnitReportReporter -->
<testsuite skipped="0" hostname="LAPTOP-N0G0NBDP" name="com.TestNGScripts.StudentIssue" tests="4" failures="0" timestamp="31 Aug 2020 23:41:38 GMT" time="26.947" errors="0">
  <testcase name="wikipagedata" time="6.645" classname="com.TestNGScripts.StudentIssue"/>
  <testcase name="wikipagedata" time="6.740" classname="com.TestNGScripts.StudentIssue"/>
  <testcase name="wikipagedata" time="6.837" classname="com.TestNGScripts.StudentIssue"/>
  <testcase name="wikipagedata" time="6.725" classname="com.TestNGScripts.StudentIssue"/>
</testsuite> <!-- com.TestNGScripts.StudentIssue -->
