<?xml version="1.0" encoding="UTF-8"?>
<!-- Generated by org.testng.reporters.JUnitReportReporter -->
<testsuite skipped="0" hostname="LAPTOP-N0G0NBDP" name="com.TestNGScripts.KeyEvents" tests="1" failures="0" timestamp="01 Sep 2020 00:25:55 GMT" time="22.329" errors="0">
  <testcase name="Keyevenetsmethod" time="22.329" classname="com.TestNGScripts.KeyEvents"/>
</testsuite> <!-- com.TestNGScripts.KeyEvents -->
